d:\pod_stl\debug\pod_stl.bsc
d:\pod_stl\pod_stl\debug\vc120.pdb
d:\pod_stl\pod_stl\debug\vc120.idb
d:\pod_stl\pod_stl\debug\vector_test.sbr
d:\pod_stl\pod_stl\debug\string_test.sbr
d:\pod_stl\pod_stl\debug\set_test.sbr
d:\pod_stl\pod_stl\debug\num_put_get_test.sbr
d:\pod_stl\pod_stl\debug\multiset_test.sbr
d:\pod_stl\pod_stl\debug\map_test.sbr
d:\pod_stl\pod_stl\debug\list_test.sbr
d:\pod_stl\pod_stl\debug\iostream_test.sbr
d:\pod_stl\pod_stl\debug\ioiter_test.sbr
d:\pod_stl\pod_stl\debug\deque_test.sbr
d:\pod_stl\pod_stl\debug\test_main.sbr
d:\pod_stl\pod_stl\debug\vector.sbr
d:\pod_stl\pod_stl\debug\stdafx.sbr
d:\pod_stl\pod_stl\debug\tree.sbr
d:\pod_stl\pod_stl\debug\string_io.sbr
d:\pod_stl\pod_stl\debug\string.sbr
d:\pod_stl\pod_stl\debug\streambuf.sbr
d:\pod_stl\pod_stl\debug\sstream.sbr
d:\pod_stl\pod_stl\debug\ostream.sbr
d:\pod_stl\pod_stl\debug\num_put.sbr
d:\pod_stl\pod_stl\debug\num_put.obj
d:\pod_stl\pod_stl\debug\ostream.obj
d:\pod_stl\pod_stl\debug\sstream.obj
d:\pod_stl\pod_stl\debug\streambuf.obj
d:\pod_stl\pod_stl\debug\string.obj
d:\pod_stl\pod_stl\debug\string_io.obj
d:\pod_stl\pod_stl\debug\tree.obj
d:\pod_stl\pod_stl\debug\stdafx.obj
d:\pod_stl\pod_stl\debug\vector.obj
d:\pod_stl\pod_stl\debug\test_main.obj
d:\pod_stl\pod_stl\debug\deque_test.obj
d:\pod_stl\pod_stl\debug\ioiter_test.obj
d:\pod_stl\pod_stl\debug\iostream_test.obj
d:\pod_stl\pod_stl\debug\list_test.obj
d:\pod_stl\pod_stl\debug\map_test.obj
d:\pod_stl\pod_stl\debug\multiset_test.obj
d:\pod_stl\pod_stl\debug\num_put_get_test.obj
d:\pod_stl\pod_stl\debug\set_test.obj
d:\pod_stl\pod_stl\debug\string_test.obj
d:\pod_stl\pod_stl\debug\vector_test.obj
d:\pod_stl\pod_stl\debug\num_get.sbr
d:\pod_stl\pod_stl\debug\locale.sbr
d:\pod_stl\pod_stl\debug\list.sbr
d:\pod_stl\pod_stl\debug\istream.sbr
d:\pod_stl\pod_stl\debug\ios_base.sbr
d:\pod_stl\pod_stl\debug\iostream.sbr
d:\pod_stl\pod_stl\debug\ios.sbr
d:\pod_stl\pod_stl\debug\deque.sbr
d:\pod_stl\pod_stl\debug\delimiter.sbr
d:\pod_stl\pod_stl\debug\base_depends.sbr
d:\pod_stl\pod_stl\debug\algobase.sbr
d:\pod_stl\pod_stl\debug\algobase.obj
d:\pod_stl\pod_stl\debug\base_depends.obj
d:\pod_stl\pod_stl\debug\delimiter.obj
d:\pod_stl\pod_stl\debug\deque.obj
d:\pod_stl\pod_stl\debug\ios.obj
d:\pod_stl\pod_stl\debug\iostream.obj
d:\pod_stl\pod_stl\debug\ios_base.obj
d:\pod_stl\pod_stl\debug\istream.obj
d:\pod_stl\pod_stl\debug\list.obj
d:\pod_stl\pod_stl\debug\locale.obj
d:\pod_stl\pod_stl\debug\num_get.obj
d:\pod_stl\pod_stl\debug\sstream_test.sbr
d:\pod_stl\pod_stl\debug\sstream_test.obj
d:\pod_stl\debug\pod_stl.ilk
d:\pod_stl\debug\pod_stl.exe
d:\pod_stl\debug\pod_stl.pdb
d:\pod_stl\pod_stl\debug\pod_stl.tlog\bscmake.command.1.tlog
d:\pod_stl\pod_stl\debug\pod_stl.tlog\bscmake.read.1.tlog
d:\pod_stl\pod_stl\debug\pod_stl.tlog\bscmake.write.1.tlog
d:\pod_stl\pod_stl\debug\pod_stl.tlog\cl.command.1.tlog
d:\pod_stl\pod_stl\debug\pod_stl.tlog\cl.read.1.tlog
d:\pod_stl\pod_stl\debug\pod_stl.tlog\cl.write.1.tlog
d:\pod_stl\pod_stl\debug\pod_stl.tlog\link.command.1.tlog
d:\pod_stl\pod_stl\debug\pod_stl.tlog\link.read.1.tlog
d:\pod_stl\pod_stl\debug\pod_stl.tlog\link.write.1.tlog
